# JRE version: OpenJDK Runtime Environment (11.0.13) (build 11.0.13+0-b1751.21-8125866)
# Java VM: OpenJDK 64-Bit Server VM (11.0.13+0-b1751.21-8125866, mixed mode, tiered, compressed oops, g1 gc, windows-amd64)
Heap:
 garbage-first heap   total 92160K, used 69018K [0x00000000a0000000, 0x0000000100000000)
  region size 1024K, 4 young (4096K), 2 survivors (2048K)
 Metaspace       used 70278K, capacity 72286K, committed 72400K, reserved 1112064K
  class space    used 8902K, capacity 9592K, committed 9600K, reserved 1048576K
GC Heap History (20 events):
Event: 107.155 GC heap before
{Heap before GC invocations=107 (full 0):
 garbage-first heap   total 92160K, used 74183K [0x00000000a0000000, 0x0000000100000000)
  region size 1024K, 15 young (15360K), 2 survivors (2048K)
 Metaspace       used 68307K, capacity 70084K, committed 70352K, reserved 1110016K
  class space    used 8601K, capacity 9234K, committed 9344K, reserved 1048576K
}
Event: 107.162 GC heap after
{Heap after GC invocations=108 (full 0):
 garbage-first heap   total 92160K, used 61876K [0x00000000a0000000, 0x0000000100000000)
  region size 1024K, 2 young (2048K), 2 survivors (2048K)
 Metaspace       used 68307K, capacity 70084K, committed 70352K, reserved 1110016K
  class space    used 8601K, capacity 9234K, committed 9344K, reserved 1048576K
}
Event: 108.771 GC heap before
{Heap before GC invocations=109 (full 0):
 garbage-first heap   total 92160K, used 74164K [0x00000000a0000000, 0x0000000100000000)
  region size 1024K, 15 young (15360K), 2 survivors (2048K)
 Metaspace       used 68593K, capacity 70414K, committed 70608K, reserved 1110016K
  class space    used 8614K, capacity 9249K, committed 9344K, reserved 1048576K
}
Event: 108.777 GC heap after
{Heap after GC invocations=110 (full 0):
 garbage-first heap   total 92160K, used 63468K [0x00000000a0000000, 0x0000000100000000)
  region size 1024K, 2 young (2048K), 2 survivors (2048K)
 Metaspace       used 68593K, capacity 70414K, committed 70608K, reserved 1110016K
  class space    used 8614K, capacity 9249K, committed 9344K, reserved 1048576K
}
Event: 109.760 GC heap before
{Heap before GC invocations=110 (full 0):
 garbage-first heap   total 92160K, used 67564K [0x00000000a0000000, 0x0000000100000000)
  region size 1024K, 7 young (7168K), 2 survivors (2048K)
 Metaspace       used 68639K, capacity 70502K, committed 70608K, reserved 1110016K
  class space    used 8619K, capacity 9255K, committed 9344K, reserved 1048576K
}
Event: 109.780 GC heap after
{Heap after GC invocations=111 (full 0):
 garbage-first heap   total 92160K, used 65199K [0x00000000a0000000, 0x0000000100000000)
  region size 1024K, 2 young (2048K), 2 survivors (2048K)
 Metaspace       used 68639K, capacity 70502K, committed 70608K, reserved 1110016K
  class space    used 8619K, capacity 9255K, committed 9344K, reserved 1048576K
}
Event: 110.290 GC heap before
{Heap before GC invocations=112 (full 0):
 garbage-first heap   total 92160K, used 73391K [0x00000000a0000000, 0x0000000100000000)
  region size 1024K, 10 young (10240K), 2 survivors (2048K)
 Metaspace       used 68732K, capacity 70580K, committed 70864K, reserved 1112064K
  class space    used 8626K, capacity 9260K, committed 9344K, reserved 1048576K
}
Event: 110.294 GC heap after
{Heap after GC invocations=113 (full 0):
 garbage-first heap   total 92160K, used 65139K [0x00000000a0000000, 0x0000000100000000)
  region size 1024K, 1 young (1024K), 1 survivors (1024K)
 Metaspace       used 68732K, capacity 70580K, committed 70864K, reserved 1112064K
  class space    used 8626K, capacity 9260K, committed 9344K, reserved 1048576K
}
Event: 110.604 GC heap before
{Heap before GC invocations=113 (full 0):
 garbage-first heap   total 92160K, used 75379K [0x00000000a0000000, 0x0000000100000000)
  region size 1024K, 11 young (11264K), 1 survivors (1024K)
 Metaspace       used 68905K, capacity 70752K, committed 70992K, reserved 1112064K
  class space    used 8661K, capacity 9360K, committed 9472K, reserved 1048576K
}
Event: 110.608 GC heap after
{Heap after GC invocations=114 (full 0):
 garbage-first heap   total 92160K, used 65584K [0x00000000a0000000, 0x0000000100000000)
  region size 1024K, 2 young (2048K), 2 survivors (2048K)
 Metaspace       used 68905K, capacity 70752K, committed 70992K, reserved 1112064K
  class space    used 8661K, capacity 9360K, committed 9472K, reserved 1048576K
}
Event: 112.915 GC heap before
{Heap before GC invocations=115 (full 0):
 garbage-first heap   total 92160K, used 75824K [0x00000000a0000000, 0x0000000100000000)
  region size 1024K, 12 young (12288K), 2 survivors (2048K)
 Metaspace       used 69087K, capacity 70929K, committed 71248K, reserved 1112064K
  class space    used 8687K, capacity 9371K, committed 9472K, reserved 1048576K
}
Event: 112.918 GC heap after
{Heap after GC invocations=116 (full 0):
 garbage-first heap   total 92160K, used 66257K [0x00000000a0000000, 0x0000000100000000)
  region size 1024K, 2 young (2048K), 2 survivors (2048K)
 Metaspace       used 69087K, capacity 70929K, committed 71248K, reserved 1112064K
  class space    used 8687K, capacity 9371K, committed 9472K, reserved 1048576K
}
Event: 113.985 GC heap before
{Heap before GC invocations=116 (full 0):
 garbage-first heap   total 92160K, used 75473K [0x00000000a0000000, 0x0000000100000000)
  region size 1024K, 11 young (11264K), 2 survivors (2048K)
 Metaspace       used 69324K, capacity 71287K, committed 71504K, reserved 1112064K
  class space    used 8728K, capacity 9429K, committed 9472K, reserved 1048576K
}
Event: 113.988 GC heap after
{Heap after GC invocations=117 (full 0):
 garbage-first heap   total 92160K, used 66674K [0x00000000a0000000, 0x0000000100000000)
  region size 1024K, 2 young (2048K), 2 survivors (2048K)
 Metaspace       used 69324K, capacity 71287K, committed 71504K, reserved 1112064K
  class space    used 8728K, capacity 9429K, committed 9472K, reserved 1048576K
}
Event: 115.403 GC heap before
{Heap before GC invocations=118 (full 0):
 garbage-first heap   total 92160K, used 76914K [0x00000000a0000000, 0x0000000100000000)
  region size 1024K, 12 young (12288K), 2 survivors (2048K)
 Metaspace       used 69515K, capacity 71497K, committed 71760K, reserved 1112064K
  class space    used 8757K, capacity 9436K, committed 9472K, reserved 1048576K
}
Event: 115.407 GC heap after
{Heap after GC invocations=119 (full 0):
 garbage-first heap   total 92160K, used 66800K [0x00000000a0000000, 0x0000000100000000)
  region size 1024K, 1 young (1024K), 1 survivors (1024K)
 Metaspace       used 69515K, capacity 71497K, committed 71760K, reserved 1112064K
  class space    used 8757K, capacity 9436K, committed 9472K, reserved 1048576K
}
Event: 119.135 GC heap before
{Heap before GC invocations=119 (full 0):
 garbage-first heap   total 92160K, used 78064K [0x00000000a0000000, 0x0000000100000000)
  region size 1024K, 12 young (12288K), 1 survivors (1024K)
 Metaspace       used 70116K, capacity 72142K, committed 72400K, reserved 1112064K
  class space    used 8878K, capacity 9588K, committed 9600K, reserved 1048576K
}
Event: 119.139 GC heap after
{Heap after GC invocations=120 (full 0):
 garbage-first heap   total 92160K, used 67067K [0x00000000a0000000, 0x0000000100000000)
  region size 1024K, 1 young (1024K), 1 survivors (1024K)
 Metaspace       used 70116K, capacity 72142K, committed 72400K, reserved 1112064K
  class space    used 8878K, capacity 9588K, committed 9600K, reserved 1048576K
}
Event: 119.597 GC heap before
{Heap before GC invocations=121 (full 0):
 garbage-first heap   total 92160K, used 78331K [0x00000000a0000000, 0x0000000100000000)
  region size 1024K, 12 young (12288K), 1 survivors (1024K)
 Metaspace       used 70228K, capacity 72216K, committed 72400K, reserved 1112064K
  class space    used 8897K, capacity 9590K, committed 9600K, reserved 1048576K
}
Event: 119.600 GC heap after
{Heap after GC invocations=122 (full 0):
 garbage-first heap   total 92160K, used 67272K [0x00000000a0000000, 0x0000000100000000)
  region size 1024K, 1 young (1024K), 1 survivors (1024K)
 Metaspace       used 70228K, capacity 72216K, committed 72400K, reserved 1112064K
  class space    used 8897K, capacity 9590K, committed 9600K, reserved 1048576K
}

